<?xml version="1.0" encoding="UTF-8"?>
<testsuite name="memory.MemoryFinderTest" tests="1" skipped="0" failures="0" errors="0" timestamp="2024-10-18T04:40:18" hostname="DESKTOP-KVLLDIL" time="0.18">
  <properties/>
  <testcase name="get()" classname="memory.MemoryFinderTest" time="0.18"/>
  <system-out><![CDATA[]]></system-out>
  <system-err><![CDATA[]]></system-err>
</testsuite>
